TN:
SF:/Users/AY/Desktop/practice/complete-intro-to-react/js/Search.jsx
FNF:0
FNH:0
LF:0
LH:0
BRF:0
BRH:0
end_of_record
TN:
SF:/Users/AY/Desktop/practice/complete-intro-to-react/js/ShowCard.jsx
FNF:0
FNH:0
LF:0
LH:0
BRF:0
BRH:0
end_of_record
TN:
SF:/Users/AY/Desktop/practice/complete-intro-to-react/js/Header.jsx
FN:6,handleSearchTermEvent
FN:6,render
FNF:2
FNH:0
FNDA:0,handleSearchTermEvent
FNDA:0,render
DA:13,0
DA:18,0
LF:2
LH:0
BRDA:18,1,0,0
BRDA:18,1,1,0
BRF:2
BRH:0
end_of_record
TN:
SF:/Users/AY/Desktop/practice/complete-intro-to-react/js/Store.jsx
FN:9,rootReducer
FN:19,reduceSearchTerm
FN:31,mapStateToProps
FN:37,mapDispatchToProps
FN:38,setSearchTerm
FNF:5
FNH:2
FNDA:3,rootReducer
FNDA:1,reduceSearchTerm
FNDA:0,mapStateToProps
FNDA:0,mapDispatchToProps
FNDA:0,setSearchTerm
DA:20,1
DA:21,1
DA:22,1
LF:3
LH:3
BRDA:9,1,0,1
BRDA:9,2,0,3
BRDA:9,2,1,3
BRDA:12,3,0,1
BRDA:12,3,1,2
BRDA:27,4,0,0
BRDA:27,4,1,1
BRDA:27,5,0,1
BRDA:27,5,1,1
BRDA:27,6,0,0
BRDA:27,6,1,1
BRF:11
BRH:9
end_of_record
